{"/Users/SamuelNayo/Documents/Andela/capstone-back-end-part/src/index.js": {"path":"/Users/SamuelNayo/Documents/Andela/capstone-back-end-part/src/index.js","statementMap":{"0":{"start":{"line":10,"column":12},"end":{"line":10,"column":21}},"1":{"start":{"line":12,"column":0},"end":{"line":12,"column":24}},"2":{"start":{"line":13,"column":0},"end":{"line":13,"column":25}},"3":{"start":{"line":14,"column":0},"end":{"line":14,"column":25}},"4":{"start":{"line":15,"column":0},"end":{"line":15,"column":27}},"5":{"start":{"line":18,"column":0},"end":{"line":18,"column":15}}},"fnMap":{},"branchMap":{},"s":{"0":3,"1":3,"2":3,"3":3,"4":3,"5":3},"f":{},"b":{},"_coverageSchema":"1a1c01bbd47fc00a2c39e90264f33305004495a9","hash":"5810d94978d0e77b1c89a1313472b6ef2bb1d1b0"}
,"/Users/SamuelNayo/Documents/Andela/capstone-back-end-part/src/configuration/hashpassword.js": {"path":"/Users/SamuelNayo/Documents/Andela/capstone-back-end-part/src/configuration/hashpassword.js","statementMap":{"0":{"start":{"line":4,"column":21},"end":{"line":8,"column":1}},"1":{"start":{"line":5,"column":17},"end":{"line":5,"column":41}},"2":{"start":{"line":6,"column":26},"end":{"line":6,"column":55}},"3":{"start":{"line":7,"column":4},"end":{"line":7,"column":26}}},"fnMap":{"0":{"name":"(anonymous_0)","decl":{"start":{"line":4,"column":21},"end":{"line":4,"column":22}},"loc":{"start":{"line":4,"column":37},"end":{"line":8,"column":1}},"line":4}},"branchMap":{},"s":{"0":3,"1":1,"2":1,"3":1},"f":{"0":1},"b":{},"_coverageSchema":"1a1c01bbd47fc00a2c39e90264f33305004495a9","hash":"518a9275407cbc67f890838414f8bfd0b17790df"}
,"/Users/SamuelNayo/Documents/Andela/capstone-back-end-part/src/controller/blogContr.js": {"path":"/Users/SamuelNayo/Documents/Andela/capstone-back-end-part/src/controller/blogContr.js","statementMap":{"0":{"start":{"line":5,"column":26},"end":{"line":13,"column":2}},"1":{"start":{"line":6,"column":4},"end":{"line":12,"column":31}},"2":{"start":{"line":8,"column":8},"end":{"line":8,"column":42}},"3":{"start":{"line":9,"column":8},"end":{"line":9,"column":29}},"4":{"start":{"line":10,"column":8},"end":{"line":10,"column":23}},"5":{"start":{"line":11,"column":16},"end":{"line":11,"column":25}},"6":{"start":{"line":12,"column":20},"end":{"line":12,"column":29}},"7":{"start":{"line":15,"column":27},"end":{"line":26,"column":1}},"8":{"start":{"line":16,"column":4},"end":{"line":25,"column":5}},"9":{"start":{"line":17,"column":19},"end":{"line":17,"column":29}},"10":{"start":{"line":18,"column":8},"end":{"line":22,"column":10}},"11":{"start":{"line":19,"column":12},"end":{"line":19,"column":33}},"12":{"start":{"line":20,"column":12},"end":{"line":20,"column":62}},"13":{"start":{"line":21,"column":12},"end":{"line":21,"column":28}},"14":{"start":{"line":24,"column":8},"end":{"line":24,"column":31}},"15":{"start":{"line":28,"column":24},"end":{"line":36,"column":2}},"16":{"start":{"line":29,"column":4},"end":{"line":35,"column":31}},"17":{"start":{"line":31,"column":8},"end":{"line":31,"column":29}},"18":{"start":{"line":32,"column":8},"end":{"line":32,"column":58}},"19":{"start":{"line":33,"column":8},"end":{"line":33,"column":24}},"20":{"start":{"line":34,"column":16},"end":{"line":34,"column":25}},"21":{"start":{"line":35,"column":20},"end":{"line":35,"column":29}},"22":{"start":{"line":38,"column":27},"end":{"line":47,"column":2}},"23":{"start":{"line":39,"column":5},"end":{"line":46,"column":6}},"24":{"start":{"line":40,"column":22},"end":{"line":40,"column":93}},"25":{"start":{"line":41,"column":29},"end":{"line":41,"column":80}},"26":{"start":{"line":42,"column":9},"end":{"line":42,"column":43}},"27":{"start":{"line":45,"column":9},"end":{"line":45,"column":36}},"28":{"start":{"line":49,"column":27},"end":{"line":72,"column":1}},"29":{"start":{"line":50,"column":18},"end":{"line":50,"column":28}},"30":{"start":{"line":52,"column":5},"end":{"line":70,"column":6}},"31":{"start":{"line":53,"column":27},"end":{"line":53,"column":63}},"32":{"start":{"line":55,"column":9},"end":{"line":65,"column":10}},"33":{"start":{"line":56,"column":13},"end":{"line":61,"column":14}},"34":{"start":{"line":57,"column":36},"end":{"line":57,"column":77}},"35":{"start":{"line":58,"column":16},"end":{"line":58,"column":89}},"36":{"start":{"line":60,"column":17},"end":{"line":60,"column":40}},"37":{"start":{"line":64,"column":12},"end":{"line":64,"column":82}},"38":{"start":{"line":68,"column":8},"end":{"line":68,"column":27}},"39":{"start":{"line":69,"column":8},"end":{"line":69,"column":72}}},"fnMap":{"0":{"name":"(anonymous_0)","decl":{"start":{"line":5,"column":26},"end":{"line":5,"column":27}},"loc":{"start":{"line":5,"column":46},"end":{"line":13,"column":2}},"line":5},"1":{"name":"(anonymous_1)","decl":{"start":{"line":7,"column":11},"end":{"line":7,"column":12}},"loc":{"start":{"line":7,"column":21},"end":{"line":11,"column":5}},"line":7},"2":{"name":"(anonymous_2)","decl":{"start":{"line":11,"column":7},"end":{"line":11,"column":8}},"loc":{"start":{"line":11,"column":16},"end":{"line":11,"column":25}},"line":11},"3":{"name":"(anonymous_3)","decl":{"start":{"line":12,"column":11},"end":{"line":12,"column":12}},"loc":{"start":{"line":12,"column":20},"end":{"line":12,"column":29}},"line":12},"4":{"name":"(anonymous_4)","decl":{"start":{"line":15,"column":27},"end":{"line":15,"column":28}},"loc":{"start":{"line":15,"column":47},"end":{"line":26,"column":1}},"line":15},"5":{"name":"(anonymous_5)","decl":{"start":{"line":18,"column":47},"end":{"line":18,"column":48}},"loc":{"start":{"line":18,"column":58},"end":{"line":22,"column":9}},"line":18},"6":{"name":"(anonymous_6)","decl":{"start":{"line":28,"column":24},"end":{"line":28,"column":25}},"loc":{"start":{"line":28,"column":44},"end":{"line":36,"column":2}},"line":28},"7":{"name":"(anonymous_7)","decl":{"start":{"line":30,"column":10},"end":{"line":30,"column":11}},"loc":{"start":{"line":30,"column":21},"end":{"line":34,"column":5}},"line":30},"8":{"name":"(anonymous_8)","decl":{"start":{"line":34,"column":7},"end":{"line":34,"column":8}},"loc":{"start":{"line":34,"column":16},"end":{"line":34,"column":25}},"line":34},"9":{"name":"(anonymous_9)","decl":{"start":{"line":35,"column":11},"end":{"line":35,"column":12}},"loc":{"start":{"line":35,"column":20},"end":{"line":35,"column":29}},"line":35},"10":{"name":"(anonymous_10)","decl":{"start":{"line":38,"column":27},"end":{"line":38,"column":28}},"loc":{"start":{"line":38,"column":53},"end":{"line":47,"column":2}},"line":38},"11":{"name":"(anonymous_11)","decl":{"start":{"line":49,"column":27},"end":{"line":49,"column":28}},"loc":{"start":{"line":49,"column":53},"end":{"line":72,"column":1}},"line":49}},"branchMap":{"0":{"loc":{"start":{"line":55,"column":9},"end":{"line":65,"column":10}},"type":"if","locations":[{"start":{"line":55,"column":9},"end":{"line":65,"column":10}},{"start":{"line":55,"column":9},"end":{"line":65,"column":10}}],"line":55}},"s":{"0":3,"1":0,"2":0,"3":0,"4":0,"5":0,"6":0,"7":3,"8":0,"9":0,"10":0,"11":0,"12":0,"13":0,"14":0,"15":3,"16":1,"17":1,"18":1,"19":1,"20":0,"21":0,"22":3,"23":1,"24":1,"25":1,"26":1,"27":0,"28":3,"29":1,"30":1,"31":1,"32":1,"33":1,"34":1,"35":1,"36":0,"37":0,"38":0,"39":0},"f":{"0":0,"1":0,"2":0,"3":0,"4":0,"5":0,"6":1,"7":1,"8":0,"9":0,"10":1,"11":1},"b":{"0":[1,0]},"_coverageSchema":"1a1c01bbd47fc00a2c39e90264f33305004495a9","hash":"047dc6d1fdabb26899c445930c7bbc2182cc4da1"}
,"/Users/SamuelNayo/Documents/Andela/capstone-back-end-part/src/controller/contactContr.js": {"path":"/Users/SamuelNayo/Documents/Andela/capstone-back-end-part/src/controller/contactContr.js","statementMap":{"0":{"start":{"line":5,"column":29},"end":{"line":25,"column":1}},"1":{"start":{"line":6,"column":4},"end":{"line":24,"column":5}},"2":{"start":{"line":7,"column":40},"end":{"line":7,"column":48}},"3":{"start":{"line":9,"column":29},"end":{"line":9,"column":69}},"4":{"start":{"line":10,"column":8},"end":{"line":12,"column":9}},"5":{"start":{"line":11,"column":12},"end":{"line":11,"column":80}},"6":{"start":{"line":14,"column":28},"end":{"line":18,"column":10}},"7":{"start":{"line":19,"column":4},"end":{"line":19,"column":27}},"8":{"start":{"line":20,"column":29},"end":{"line":20,"column":52}},"9":{"start":{"line":21,"column":8},"end":{"line":21,"column":85}},"10":{"start":{"line":23,"column":8},"end":{"line":23,"column":57}},"11":{"start":{"line":27,"column":29},"end":{"line":38,"column":1}},"12":{"start":{"line":28,"column":4},"end":{"line":37,"column":5}},"13":{"start":{"line":29,"column":19},"end":{"line":29,"column":29}},"14":{"start":{"line":30,"column":8},"end":{"line":34,"column":10}},"15":{"start":{"line":31,"column":12},"end":{"line":31,"column":33}},"16":{"start":{"line":32,"column":12},"end":{"line":32,"column":62}},"17":{"start":{"line":33,"column":12},"end":{"line":33,"column":31}},"18":{"start":{"line":36,"column":8},"end":{"line":36,"column":31}},"19":{"start":{"line":40,"column":27},"end":{"line":50,"column":2}},"20":{"start":{"line":41,"column":4},"end":{"line":49,"column":6}},"21":{"start":{"line":43,"column":8},"end":{"line":43,"column":29}},"22":{"start":{"line":44,"column":8},"end":{"line":44,"column":58}},"23":{"start":{"line":45,"column":8},"end":{"line":45,"column":27}},"24":{"start":{"line":48,"column":8},"end":{"line":48,"column":33}},"25":{"start":{"line":52,"column":30},"end":{"line":75,"column":1}},"26":{"start":{"line":53,"column":17},"end":{"line":53,"column":27}},"27":{"start":{"line":55,"column":4},"end":{"line":73,"column":5}},"28":{"start":{"line":56,"column":29},"end":{"line":56,"column":68}},"29":{"start":{"line":58,"column":8},"end":{"line":68,"column":9}},"30":{"start":{"line":59,"column":12},"end":{"line":64,"column":13}},"31":{"start":{"line":60,"column":38},"end":{"line":60,"column":82}},"32":{"start":{"line":61,"column":15},"end":{"line":61,"column":97}},"33":{"start":{"line":63,"column":16},"end":{"line":63,"column":39}},"34":{"start":{"line":67,"column":11},"end":{"line":67,"column":84}},"35":{"start":{"line":71,"column":7},"end":{"line":71,"column":26}},"36":{"start":{"line":72,"column":7},"end":{"line":72,"column":74}}},"fnMap":{"0":{"name":"(anonymous_0)","decl":{"start":{"line":5,"column":29},"end":{"line":5,"column":30}},"loc":{"start":{"line":5,"column":49},"end":{"line":25,"column":1}},"line":5},"1":{"name":"(anonymous_1)","decl":{"start":{"line":27,"column":29},"end":{"line":27,"column":30}},"loc":{"start":{"line":27,"column":49},"end":{"line":38,"column":1}},"line":27},"2":{"name":"(anonymous_2)","decl":{"start":{"line":30,"column":50},"end":{"line":30,"column":51}},"loc":{"start":{"line":30,"column":64},"end":{"line":34,"column":9}},"line":30},"3":{"name":"(anonymous_3)","decl":{"start":{"line":40,"column":27},"end":{"line":40,"column":28}},"loc":{"start":{"line":40,"column":47},"end":{"line":50,"column":2}},"line":40},"4":{"name":"(anonymous_4)","decl":{"start":{"line":42,"column":10},"end":{"line":42,"column":11}},"loc":{"start":{"line":42,"column":24},"end":{"line":46,"column":5}},"line":42},"5":{"name":"(anonymous_5)","decl":{"start":{"line":47,"column":11},"end":{"line":47,"column":12}},"loc":{"start":{"line":47,"column":20},"end":{"line":49,"column":5}},"line":47},"6":{"name":"(anonymous_6)","decl":{"start":{"line":52,"column":30},"end":{"line":52,"column":31}},"loc":{"start":{"line":52,"column":56},"end":{"line":75,"column":1}},"line":52}},"branchMap":{"0":{"loc":{"start":{"line":10,"column":8},"end":{"line":12,"column":9}},"type":"if","locations":[{"start":{"line":10,"column":8},"end":{"line":12,"column":9}},{"start":{"line":10,"column":8},"end":{"line":12,"column":9}}],"line":10},"1":{"loc":{"start":{"line":58,"column":8},"end":{"line":68,"column":9}},"type":"if","locations":[{"start":{"line":58,"column":8},"end":{"line":68,"column":9}},{"start":{"line":58,"column":8},"end":{"line":68,"column":9}}],"line":58}},"s":{"0":3,"1":1,"2":1,"3":1,"4":1,"5":0,"6":1,"7":1,"8":1,"9":1,"10":0,"11":3,"12":0,"13":0,"14":0,"15":0,"16":0,"17":0,"18":0,"19":3,"20":1,"21":1,"22":1,"23":1,"24":0,"25":3,"26":1,"27":1,"28":1,"29":1,"30":1,"31":1,"32":1,"33":0,"34":0,"35":0,"36":0},"f":{"0":1,"1":0,"2":0,"3":1,"4":1,"5":0,"6":1},"b":{"0":[0,1],"1":[1,0]},"_coverageSchema":"1a1c01bbd47fc00a2c39e90264f33305004495a9","hash":"507765d8858ea9ab63c48b12b5d0bf4ff947fd70"}
,"/Users/SamuelNayo/Documents/Andela/capstone-back-end-part/src/controller/userAuthForms.js": {"path":"/Users/SamuelNayo/Documents/Andela/capstone-back-end-part/src/controller/userAuthForms.js","statementMap":{"0":{"start":{"line":8,"column":27},"end":{"line":32,"column":1}},"1":{"start":{"line":9,"column":4},"end":{"line":31,"column":5}},"2":{"start":{"line":11,"column":56},"end":{"line":11,"column":64}},"3":{"start":{"line":13,"column":26},"end":{"line":13,"column":53}},"4":{"start":{"line":14,"column":8},"end":{"line":16,"column":9}},"5":{"start":{"line":15,"column":12},"end":{"line":15,"column":73}},"6":{"start":{"line":18,"column":26},"end":{"line":18,"column":54}},"7":{"start":{"line":20,"column":25},"end":{"line":25,"column":10}},"8":{"start":{"line":27,"column":26},"end":{"line":27,"column":46}},"9":{"start":{"line":28,"column":8},"end":{"line":28,"column":85}},"10":{"start":{"line":30,"column":8},"end":{"line":30,"column":57}},"11":{"start":{"line":34,"column":26},"end":{"line":55,"column":1}},"12":{"start":{"line":35,"column":4},"end":{"line":54,"column":5}},"13":{"start":{"line":37,"column":35},"end":{"line":37,"column":43}},"14":{"start":{"line":39,"column":26},"end":{"line":39,"column":53}},"15":{"start":{"line":40,"column":8},"end":{"line":42,"column":9}},"16":{"start":{"line":41,"column":12},"end":{"line":41,"column":75}},"17":{"start":{"line":44,"column":30},"end":{"line":44,"column":80}},"18":{"start":{"line":46,"column":8},"end":{"line":48,"column":9}},"19":{"start":{"line":47,"column":12},"end":{"line":47,"column":69}},"20":{"start":{"line":49,"column":22},"end":{"line":49,"column":51}},"21":{"start":{"line":50,"column":8},"end":{"line":50,"column":43}},"22":{"start":{"line":51,"column":8},"end":{"line":51,"column":93}},"23":{"start":{"line":53,"column":8},"end":{"line":53,"column":57}},"24":{"start":{"line":57,"column":27},"end":{"line":66,"column":1}},"25":{"start":{"line":58,"column":4},"end":{"line":65,"column":5}},"26":{"start":{"line":59,"column":21},"end":{"line":59,"column":82}},"27":{"start":{"line":60,"column":28},"end":{"line":60,"column":69}},"28":{"start":{"line":61,"column":8},"end":{"line":61,"column":42}},"29":{"start":{"line":64,"column":8},"end":{"line":64,"column":35}},"30":{"start":{"line":68,"column":27},"end":{"line":79,"column":1}},"31":{"start":{"line":69,"column":4},"end":{"line":78,"column":5}},"32":{"start":{"line":70,"column":19},"end":{"line":70,"column":29}},"33":{"start":{"line":71,"column":8},"end":{"line":75,"column":10}},"34":{"start":{"line":72,"column":12},"end":{"line":72,"column":33}},"35":{"start":{"line":73,"column":12},"end":{"line":73,"column":62}},"36":{"start":{"line":74,"column":12},"end":{"line":74,"column":28}},"37":{"start":{"line":77,"column":8},"end":{"line":77,"column":31}},"38":{"start":{"line":81,"column":25},"end":{"line":89,"column":2}},"39":{"start":{"line":82,"column":4},"end":{"line":88,"column":31}},"40":{"start":{"line":84,"column":8},"end":{"line":84,"column":29}},"41":{"start":{"line":85,"column":8},"end":{"line":85,"column":58}},"42":{"start":{"line":86,"column":8},"end":{"line":86,"column":24}},"43":{"start":{"line":87,"column":16},"end":{"line":87,"column":25}},"44":{"start":{"line":88,"column":20},"end":{"line":88,"column":29}},"45":{"start":{"line":91,"column":27},"end":{"line":114,"column":1}},"46":{"start":{"line":92,"column":17},"end":{"line":92,"column":27}},"47":{"start":{"line":94,"column":4},"end":{"line":112,"column":5}},"48":{"start":{"line":95,"column":26},"end":{"line":95,"column":52}},"49":{"start":{"line":97,"column":8},"end":{"line":107,"column":9}},"50":{"start":{"line":98,"column":12},"end":{"line":103,"column":13}},"51":{"start":{"line":99,"column":34},"end":{"line":99,"column":65}},"52":{"start":{"line":100,"column":15},"end":{"line":100,"column":90}},"53":{"start":{"line":102,"column":16},"end":{"line":102,"column":39}},"54":{"start":{"line":106,"column":11},"end":{"line":106,"column":81}},"55":{"start":{"line":110,"column":7},"end":{"line":110,"column":26}},"56":{"start":{"line":111,"column":7},"end":{"line":111,"column":71}}},"fnMap":{"0":{"name":"(anonymous_0)","decl":{"start":{"line":8,"column":27},"end":{"line":8,"column":28}},"loc":{"start":{"line":8,"column":47},"end":{"line":32,"column":1}},"line":8},"1":{"name":"(anonymous_1)","decl":{"start":{"line":34,"column":26},"end":{"line":34,"column":27}},"loc":{"start":{"line":34,"column":46},"end":{"line":55,"column":1}},"line":34},"2":{"name":"(anonymous_2)","decl":{"start":{"line":57,"column":27},"end":{"line":57,"column":28}},"loc":{"start":{"line":57,"column":53},"end":{"line":66,"column":1}},"line":57},"3":{"name":"(anonymous_3)","decl":{"start":{"line":68,"column":27},"end":{"line":68,"column":28}},"loc":{"start":{"line":68,"column":47},"end":{"line":79,"column":1}},"line":68},"4":{"name":"(anonymous_4)","decl":{"start":{"line":71,"column":37},"end":{"line":71,"column":38}},"loc":{"start":{"line":71,"column":48},"end":{"line":75,"column":9}},"line":71},"5":{"name":"(anonymous_5)","decl":{"start":{"line":81,"column":25},"end":{"line":81,"column":26}},"loc":{"start":{"line":81,"column":45},"end":{"line":89,"column":2}},"line":81},"6":{"name":"(anonymous_6)","decl":{"start":{"line":83,"column":10},"end":{"line":83,"column":11}},"loc":{"start":{"line":83,"column":21},"end":{"line":87,"column":5}},"line":83},"7":{"name":"(anonymous_7)","decl":{"start":{"line":87,"column":7},"end":{"line":87,"column":8}},"loc":{"start":{"line":87,"column":16},"end":{"line":87,"column":25}},"line":87},"8":{"name":"(anonymous_8)","decl":{"start":{"line":88,"column":11},"end":{"line":88,"column":12}},"loc":{"start":{"line":88,"column":20},"end":{"line":88,"column":29}},"line":88},"9":{"name":"(anonymous_9)","decl":{"start":{"line":91,"column":27},"end":{"line":91,"column":28}},"loc":{"start":{"line":91,"column":53},"end":{"line":114,"column":1}},"line":91}},"branchMap":{"0":{"loc":{"start":{"line":14,"column":8},"end":{"line":16,"column":9}},"type":"if","locations":[{"start":{"line":14,"column":8},"end":{"line":16,"column":9}},{"start":{"line":14,"column":8},"end":{"line":16,"column":9}}],"line":14},"1":{"loc":{"start":{"line":40,"column":8},"end":{"line":42,"column":9}},"type":"if","locations":[{"start":{"line":40,"column":8},"end":{"line":42,"column":9}},{"start":{"line":40,"column":8},"end":{"line":42,"column":9}}],"line":40},"2":{"loc":{"start":{"line":46,"column":8},"end":{"line":48,"column":9}},"type":"if","locations":[{"start":{"line":46,"column":8},"end":{"line":48,"column":9}},{"start":{"line":46,"column":8},"end":{"line":48,"column":9}}],"line":46},"3":{"loc":{"start":{"line":97,"column":8},"end":{"line":107,"column":9}},"type":"if","locations":[{"start":{"line":97,"column":8},"end":{"line":107,"column":9}},{"start":{"line":97,"column":8},"end":{"line":107,"column":9}}],"line":97}},"s":{"0":3,"1":1,"2":1,"3":1,"4":1,"5":0,"6":1,"7":1,"8":1,"9":1,"10":0,"11":3,"12":1,"13":1,"14":1,"15":1,"16":1,"17":0,"18":0,"19":0,"20":0,"21":0,"22":0,"23":0,"24":3,"25":1,"26":1,"27":1,"28":1,"29":0,"30":3,"31":1,"32":1,"33":1,"34":1,"35":1,"36":1,"37":0,"38":3,"39":1,"40":1,"41":1,"42":1,"43":0,"44":0,"45":3,"46":1,"47":1,"48":1,"49":1,"50":1,"51":1,"52":1,"53":0,"54":0,"55":0,"56":0},"f":{"0":1,"1":1,"2":1,"3":1,"4":1,"5":1,"6":1,"7":0,"8":0,"9":1},"b":{"0":[0,1],"1":[1,0],"2":[0,0],"3":[1,0]},"_coverageSchema":"1a1c01bbd47fc00a2c39e90264f33305004495a9","hash":"9c16d80019d3c3df6f74119d1020d66b41eba049"}
,"/Users/SamuelNayo/Documents/Andela/capstone-back-end-part/src/helper/token.js": {"path":"/Users/SamuelNayo/Documents/Andela/capstone-back-end-part/src/helper/token.js","statementMap":{"0":{"start":{"line":5,"column":0},"end":{"line":5,"column":16}},"1":{"start":{"line":6,"column":15},"end":{"line":6,"column":37}},"2":{"start":{"line":9,"column":0},"end":{"line":13,"column":2}},"3":{"start":{"line":10,"column":41},"end":{"line":10,"column":45}},"4":{"start":{"line":11,"column":4},"end":{"line":11,"column":80}},"5":{"start":{"line":14,"column":0},"end":{"line":19,"column":2}},"6":{"start":{"line":15,"column":4},"end":{"line":18,"column":7}},"7":{"start":{"line":16,"column":8},"end":{"line":16,"column":46}},"8":{"start":{"line":16,"column":19},"end":{"line":16,"column":46}},"9":{"start":{"line":17,"column":8},"end":{"line":17,"column":24}}},"fnMap":{"0":{"name":"(anonymous_0)","decl":{"start":{"line":9,"column":23},"end":{"line":9,"column":24}},"loc":{"start":{"line":9,"column":33},"end":{"line":13,"column":1}},"line":9},"1":{"name":"(anonymous_1)","decl":{"start":{"line":14,"column":22},"end":{"line":14,"column":23}},"loc":{"start":{"line":14,"column":33},"end":{"line":19,"column":1}},"line":14},"2":{"name":"(anonymous_2)","decl":{"start":{"line":15,"column":37},"end":{"line":15,"column":38}},"loc":{"start":{"line":15,"column":57},"end":{"line":18,"column":5}},"line":15}},"branchMap":{"0":{"loc":{"start":{"line":16,"column":8},"end":{"line":16,"column":46}},"type":"if","locations":[{"start":{"line":16,"column":8},"end":{"line":16,"column":46}},{"start":{"line":16,"column":8},"end":{"line":16,"column":46}}],"line":16}},"s":{"0":3,"1":3,"2":3,"3":0,"4":0,"5":3,"6":0,"7":0,"8":0,"9":0},"f":{"0":0,"1":0,"2":0},"b":{"0":[0,0]},"_coverageSchema":"1a1c01bbd47fc00a2c39e90264f33305004495a9","hash":"c0389cf8d79d56c2eadcd53c7211e194474fb554"}
,"/Users/SamuelNayo/Documents/Andela/capstone-back-end-part/src/midleware/auth.js": {"path":"/Users/SamuelNayo/Documents/Andela/capstone-back-end-part/src/midleware/auth.js","statementMap":{"0":{"start":{"line":5,"column":0},"end":{"line":5,"column":16}},"1":{"start":{"line":6,"column":15},"end":{"line":6,"column":37}},"2":{"start":{"line":8,"column":20},"end":{"line":21,"column":1}},"3":{"start":{"line":10,"column":26},"end":{"line":10,"column":51}},"4":{"start":{"line":11,"column":18},"end":{"line":11,"column":62}},"5":{"start":{"line":12,"column":4},"end":{"line":14,"column":5}},"6":{"start":{"line":13,"column":8},"end":{"line":13,"column":55}},"7":{"start":{"line":15,"column":4},"end":{"line":19,"column":6}},"8":{"start":{"line":16,"column":8},"end":{"line":16,"column":71}},"9":{"start":{"line":16,"column":17},"end":{"line":16,"column":71}},"10":{"start":{"line":17,"column":8},"end":{"line":17,"column":24}},"11":{"start":{"line":18,"column":8},"end":{"line":18,"column":14}}},"fnMap":{"0":{"name":"(anonymous_0)","decl":{"start":{"line":8,"column":20},"end":{"line":8,"column":21}},"loc":{"start":{"line":8,"column":40},"end":{"line":21,"column":1}},"line":8},"1":{"name":"(anonymous_1)","decl":{"start":{"line":15,"column":30},"end":{"line":15,"column":31}},"loc":{"start":{"line":15,"column":45},"end":{"line":19,"column":5}},"line":15}},"branchMap":{"0":{"loc":{"start":{"line":11,"column":18},"end":{"line":11,"column":62}},"type":"binary-expr","locations":[{"start":{"line":11,"column":18},"end":{"line":11,"column":31}},{"start":{"line":11,"column":35},"end":{"line":11,"column":62}}],"line":11},"1":{"loc":{"start":{"line":12,"column":4},"end":{"line":14,"column":5}},"type":"if","locations":[{"start":{"line":12,"column":4},"end":{"line":14,"column":5}},{"start":{"line":12,"column":4},"end":{"line":14,"column":5}}],"line":12},"2":{"loc":{"start":{"line":16,"column":8},"end":{"line":16,"column":71}},"type":"if","locations":[{"start":{"line":16,"column":8},"end":{"line":16,"column":71}},{"start":{"line":16,"column":8},"end":{"line":16,"column":71}}],"line":16}},"s":{"0":3,"1":3,"2":3,"3":1,"4":1,"5":1,"6":1,"7":1,"8":1,"9":1,"10":0,"11":0},"f":{"0":1,"1":1},"b":{"0":[1,0],"1":[1,0],"2":[1,0]},"_coverageSchema":"1a1c01bbd47fc00a2c39e90264f33305004495a9","hash":"065cb47c53d0cfa9ef5e59186598b53ff796be80"}
,"/Users/SamuelNayo/Documents/Andela/capstone-back-end-part/src/midleware/validation.js": {"path":"/Users/SamuelNayo/Documents/Andela/capstone-back-end-part/src/midleware/validation.js","statementMap":{"0":{"start":{"line":2,"column":28},"end":{"line":9,"column":1}},"1":{"start":{"line":3,"column":17},"end":{"line":3,"column":25}},"2":{"start":{"line":5,"column":4},"end":{"line":8,"column":16}},"3":{"start":{"line":5,"column":22},"end":{"line":5,"column":88}},"4":{"start":{"line":6,"column":9},"end":{"line":8,"column":16}},"5":{"start":{"line":6,"column":29},"end":{"line":6,"column":96}},"6":{"start":{"line":7,"column":9},"end":{"line":8,"column":16}},"7":{"start":{"line":7,"column":31},"end":{"line":7,"column":100}},"8":{"start":{"line":8,"column":9},"end":{"line":8,"column":16}}},"fnMap":{"0":{"name":"(anonymous_0)","decl":{"start":{"line":2,"column":28},"end":{"line":2,"column":29}},"loc":{"start":{"line":2,"column":48},"end":{"line":9,"column":1}},"line":2}},"branchMap":{"0":{"loc":{"start":{"line":5,"column":4},"end":{"line":8,"column":16}},"type":"if","locations":[{"start":{"line":5,"column":4},"end":{"line":8,"column":16}},{"start":{"line":5,"column":4},"end":{"line":8,"column":16}}],"line":5},"1":{"loc":{"start":{"line":6,"column":9},"end":{"line":8,"column":16}},"type":"if","locations":[{"start":{"line":6,"column":9},"end":{"line":8,"column":16}},{"start":{"line":6,"column":9},"end":{"line":8,"column":16}}],"line":6},"2":{"loc":{"start":{"line":7,"column":9},"end":{"line":8,"column":16}},"type":"if","locations":[{"start":{"line":7,"column":9},"end":{"line":8,"column":16}},{"start":{"line":7,"column":9},"end":{"line":8,"column":16}}],"line":7}},"s":{"0":3,"1":0,"2":0,"3":0,"4":0,"5":0,"6":0,"7":0,"8":0},"f":{"0":0},"b":{"0":[0,0],"1":[0,0],"2":[0,0]},"_coverageSchema":"1a1c01bbd47fc00a2c39e90264f33305004495a9","hash":"f8877dc57097d1b24bcae66ae2dac18dba533e27"}
,"/Users/SamuelNayo/Documents/Andela/capstone-back-end-part/src/models/blogMod.js": {"path":"/Users/SamuelNayo/Documents/Andela/capstone-back-end-part/src/models/blogMod.js","statementMap":{"0":{"start":{"line":6,"column":23},"end":{"line":35,"column":3}}},"fnMap":{},"branchMap":{},"s":{"0":3},"f":{},"b":{},"_coverageSchema":"1a1c01bbd47fc00a2c39e90264f33305004495a9","hash":"3e504ed4a2d86ff8def3ddabdcad7762c639cdb1"}
,"/Users/SamuelNayo/Documents/Andela/capstone-back-end-part/src/models/contactMod.js": {"path":"/Users/SamuelNayo/Documents/Andela/capstone-back-end-part/src/models/contactMod.js","statementMap":{"0":{"start":{"line":4,"column":26},"end":{"line":27,"column":3}}},"fnMap":{},"branchMap":{},"s":{"0":3},"f":{},"b":{},"_coverageSchema":"1a1c01bbd47fc00a2c39e90264f33305004495a9","hash":"6e26eefcc9317be2542bc7ea4929c335795832fe"}
,"/Users/SamuelNayo/Documents/Andela/capstone-back-end-part/src/models/userAuthMod.js": {"path":"/Users/SamuelNayo/Documents/Andela/capstone-back-end-part/src/models/userAuthMod.js","statementMap":{"0":{"start":{"line":3,"column":13},"end":{"line":29,"column":3}}},"fnMap":{},"branchMap":{},"s":{"0":3},"f":{},"b":{},"_coverageSchema":"1a1c01bbd47fc00a2c39e90264f33305004495a9","hash":"cd2ae4c90d7d151fcc8c2f536837e556dc9d4eb4"}
,"/Users/SamuelNayo/Documents/Andela/capstone-back-end-part/src/routes/blogPath.js": {"path":"/Users/SamuelNayo/Documents/Andela/capstone-back-end-part/src/routes/blogPath.js","statementMap":{"0":{"start":{"line":8,"column":19},"end":{"line":8,"column":35}},"1":{"start":{"line":11,"column":0},"end":{"line":11,"column":65}},"2":{"start":{"line":13,"column":0},"end":{"line":13,"column":35}},"3":{"start":{"line":15,"column":0},"end":{"line":15,"column":46}},"4":{"start":{"line":17,"column":0},"end":{"line":17,"column":48}},"5":{"start":{"line":19,"column":0},"end":{"line":19,"column":51}}},"fnMap":{},"branchMap":{},"s":{"0":3,"1":3,"2":3,"3":3,"4":3,"5":3},"f":{},"b":{},"_coverageSchema":"1a1c01bbd47fc00a2c39e90264f33305004495a9","hash":"a0f1e4549acd7d11394ca8aed3c055850de0cf88"}
,"/Users/SamuelNayo/Documents/Andela/capstone-back-end-part/src/routes/contactPath.js": {"path":"/Users/SamuelNayo/Documents/Andela/capstone-back-end-part/src/routes/contactPath.js","statementMap":{"0":{"start":{"line":6,"column":21},"end":{"line":6,"column":37}},"1":{"start":{"line":10,"column":0},"end":{"line":10,"column":53}},"2":{"start":{"line":12,"column":0},"end":{"line":12,"column":43}},"3":{"start":{"line":14,"column":0},"end":{"line":14,"column":58}},"4":{"start":{"line":16,"column":0},"end":{"line":16,"column":59}}},"fnMap":{},"branchMap":{},"s":{"0":3,"1":3,"2":3,"3":3,"4":3},"f":{},"b":{},"_coverageSchema":"1a1c01bbd47fc00a2c39e90264f33305004495a9","hash":"1c24b228f177a056a36ad8b0e5d3258c2c08e581"}
,"/Users/SamuelNayo/Documents/Andela/capstone-back-end-part/src/routes/userPath.js": {"path":"/Users/SamuelNayo/Documents/Andela/capstone-back-end-part/src/routes/userPath.js","statementMap":{"0":{"start":{"line":6,"column":19},"end":{"line":6,"column":35}},"1":{"start":{"line":9,"column":0},"end":{"line":9,"column":46}},"2":{"start":{"line":11,"column":0},"end":{"line":11,"column":44}},"3":{"start":{"line":13,"column":0},"end":{"line":13,"column":36}},"4":{"start":{"line":15,"column":0},"end":{"line":15,"column":47}},"5":{"start":{"line":17,"column":0},"end":{"line":17,"column":49}},"6":{"start":{"line":19,"column":0},"end":{"line":19,"column":52}}},"fnMap":{},"branchMap":{},"s":{"0":3,"1":3,"2":3,"3":3,"4":3,"5":3,"6":3},"f":{},"b":{},"_coverageSchema":"1a1c01bbd47fc00a2c39e90264f33305004495a9","hash":"03e2226e71e31ad804088f7207815131bd3543e2"}
}
