{"/Users/andela/Desktop/myBackend/app.js": {"path":"/Users/andela/Desktop/myBackend/app.js","statementMap":{"0":{"start":{"line":9,"column":12},"end":{"line":9,"column":21}},"1":{"start":{"line":11,"column":14},"end":{"line":11,"column":33}},"2":{"start":{"line":13,"column":0},"end":{"line":13,"column":24}},"3":{"start":{"line":14,"column":0},"end":{"line":14,"column":30}},"4":{"start":{"line":15,"column":0},"end":{"line":15,"column":30}},"5":{"start":{"line":16,"column":0},"end":{"line":16,"column":34}},"6":{"start":{"line":20,"column":0},"end":{"line":22,"column":3}},"7":{"start":{"line":21,"column":4},"end":{"line":21,"column":73}}},"fnMap":{"0":{"name":"(anonymous_0)","decl":{"start":{"line":20,"column":13},"end":{"line":20,"column":14}},"loc":{"start":{"line":20,"column":27},"end":{"line":22,"column":1}},"line":20}},"branchMap":{},"s":{"0":3,"1":3,"2":3,"3":3,"4":3,"5":3,"6":3,"7":0},"f":{"0":0},"b":{},"_coverageSchema":"1a1c01bbd47fc00a2c39e90264f33305004495a9","hash":"858a6dde2cbd063f4bded2cba1ebf5685feb4dbb"}
,"/Users/andela/Desktop/myBackend/src/configuration/config.js": {"path":"/Users/andela/Desktop/myBackend/src/configuration/config.js","statementMap":{"0":{"start":{"line":3,"column":0},"end":{"line":3,"column":16}}},"fnMap":{},"branchMap":{},"s":{"0":3},"f":{},"b":{},"_coverageSchema":"1a1c01bbd47fc00a2c39e90264f33305004495a9","hash":"9ebae75aeed83b62a355902adaf8a137e9ba1815"}
,"/Users/andela/Desktop/myBackend/src/configuration/hashpassword.js": {"path":"/Users/andela/Desktop/myBackend/src/configuration/hashpassword.js","statementMap":{"0":{"start":{"line":4,"column":21},"end":{"line":8,"column":1}},"1":{"start":{"line":5,"column":17},"end":{"line":5,"column":41}},"2":{"start":{"line":6,"column":26},"end":{"line":6,"column":55}},"3":{"start":{"line":7,"column":4},"end":{"line":7,"column":26}}},"fnMap":{"0":{"name":"(anonymous_0)","decl":{"start":{"line":4,"column":21},"end":{"line":4,"column":22}},"loc":{"start":{"line":4,"column":37},"end":{"line":8,"column":1}},"line":4}},"branchMap":{},"s":{"0":3,"1":4,"2":4,"3":4},"f":{"0":4},"b":{},"_coverageSchema":"1a1c01bbd47fc00a2c39e90264f33305004495a9","hash":"83889adb1af10b61fdc4a94bf6c164afad66e460"}
,"/Users/andela/Desktop/myBackend/src/controller/blogCommentContr.js": {"path":"/Users/andela/Desktop/myBackend/src/controller/blogCommentContr.js","statementMap":{"0":{"start":{"line":6,"column":26},"end":{"line":24,"column":1}},"1":{"start":{"line":7,"column":4},"end":{"line":23,"column":5}},"2":{"start":{"line":8,"column":32},"end":{"line":8,"column":40}},"3":{"start":{"line":9,"column":26},"end":{"line":9,"column":34}},"4":{"start":{"line":10,"column":24},"end":{"line":10,"column":34}},"5":{"start":{"line":11,"column":8},"end":{"line":11,"column":102}},"6":{"start":{"line":11,"column":51},"end":{"line":11,"column":102}},"7":{"start":{"line":12,"column":33},"end":{"line":12,"column":69}},"8":{"start":{"line":13,"column":8},"end":{"line":13,"column":107}},"9":{"start":{"line":13,"column":31},"end":{"line":13,"column":107}},"10":{"start":{"line":14,"column":27},"end":{"line":18,"column":10}},"11":{"start":{"line":19,"column":29},"end":{"line":19,"column":52}},"12":{"start":{"line":20,"column":8},"end":{"line":20,"column":90}},"13":{"start":{"line":22,"column":8},"end":{"line":22,"column":57}},"14":{"start":{"line":25,"column":27},"end":{"line":35,"column":1}},"15":{"start":{"line":26,"column":4},"end":{"line":34,"column":5}},"16":{"start":{"line":27,"column":24},"end":{"line":27,"column":34}},"17":{"start":{"line":28,"column":8},"end":{"line":28,"column":102}},"18":{"start":{"line":28,"column":51},"end":{"line":28,"column":102}},"19":{"start":{"line":29,"column":28},"end":{"line":29,"column":84}},"20":{"start":{"line":30,"column":8},"end":{"line":30,"column":112}},"21":{"start":{"line":30,"column":38},"end":{"line":30,"column":112}},"22":{"start":{"line":31,"column":8},"end":{"line":31,"column":48}},"23":{"start":{"line":33,"column":8},"end":{"line":33,"column":57}}},"fnMap":{"0":{"name":"(anonymous_0)","decl":{"start":{"line":6,"column":26},"end":{"line":6,"column":27}},"loc":{"start":{"line":6,"column":46},"end":{"line":24,"column":1}},"line":6},"1":{"name":"(anonymous_1)","decl":{"start":{"line":25,"column":27},"end":{"line":25,"column":28}},"loc":{"start":{"line":25,"column":47},"end":{"line":35,"column":1}},"line":25}},"branchMap":{"0":{"loc":{"start":{"line":11,"column":8},"end":{"line":11,"column":102}},"type":"if","locations":[{"start":{"line":11,"column":8},"end":{"line":11,"column":102}},{"start":{"line":11,"column":8},"end":{"line":11,"column":102}}],"line":11},"1":{"loc":{"start":{"line":13,"column":8},"end":{"line":13,"column":107}},"type":"if","locations":[{"start":{"line":13,"column":8},"end":{"line":13,"column":107}},{"start":{"line":13,"column":8},"end":{"line":13,"column":107}}],"line":13},"2":{"loc":{"start":{"line":28,"column":8},"end":{"line":28,"column":102}},"type":"if","locations":[{"start":{"line":28,"column":8},"end":{"line":28,"column":102}},{"start":{"line":28,"column":8},"end":{"line":28,"column":102}}],"line":28},"3":{"loc":{"start":{"line":30,"column":8},"end":{"line":30,"column":112}},"type":"if","locations":[{"start":{"line":30,"column":8},"end":{"line":30,"column":112}},{"start":{"line":30,"column":8},"end":{"line":30,"column":112}}],"line":30}},"s":{"0":3,"1":0,"2":0,"3":0,"4":0,"5":0,"6":0,"7":0,"8":0,"9":0,"10":0,"11":0,"12":0,"13":0,"14":3,"15":0,"16":0,"17":0,"18":0,"19":0,"20":0,"21":0,"22":0,"23":0},"f":{"0":0,"1":0},"b":{"0":[0,0],"1":[0,0],"2":[0,0],"3":[0,0]},"_coverageSchema":"1a1c01bbd47fc00a2c39e90264f33305004495a9","hash":"62e7068d794845a527ab844cc6eaeff696ed1414"}
,"/Users/andela/Desktop/myBackend/src/controller/blogContr.js": {"path":"/Users/andela/Desktop/myBackend/src/controller/blogContr.js","statementMap":{"0":{"start":{"line":4,"column":26},"end":{"line":26,"column":1}},"1":{"start":{"line":5,"column":4},"end":{"line":25,"column":5}},"2":{"start":{"line":6,"column":36},"end":{"line":6,"column":44}},"3":{"start":{"line":7,"column":40},"end":{"line":7,"column":48}},"4":{"start":{"line":9,"column":21},"end":{"line":9,"column":59}},"5":{"start":{"line":11,"column":8},"end":{"line":11,"column":77}},"6":{"start":{"line":11,"column":18},"end":{"line":11,"column":77}},"7":{"start":{"line":13,"column":24},"end":{"line":17,"column":10}},"8":{"start":{"line":19,"column":26},"end":{"line":19,"column":46}},"9":{"start":{"line":21,"column":8},"end":{"line":21,"column":69}},"10":{"start":{"line":23,"column":8},"end":{"line":23,"column":48}},"11":{"start":{"line":29,"column":26},"end":{"line":41,"column":1}},"12":{"start":{"line":30,"column":4},"end":{"line":40,"column":5}},"13":{"start":{"line":31,"column":19},"end":{"line":31,"column":29}},"14":{"start":{"line":32,"column":8},"end":{"line":36,"column":10}},"15":{"start":{"line":33,"column":12},"end":{"line":33,"column":33}},"16":{"start":{"line":34,"column":12},"end":{"line":34,"column":62}},"17":{"start":{"line":35,"column":12},"end":{"line":35,"column":28}},"18":{"start":{"line":39,"column":8},"end":{"line":39,"column":48}},"19":{"start":{"line":44,"column":24},"end":{"line":52,"column":1}},"20":{"start":{"line":45,"column":4},"end":{"line":51,"column":31}},"21":{"start":{"line":47,"column":8},"end":{"line":47,"column":29}},"22":{"start":{"line":48,"column":8},"end":{"line":48,"column":58}},"23":{"start":{"line":49,"column":8},"end":{"line":49,"column":24}},"24":{"start":{"line":50,"column":16},"end":{"line":50,"column":25}},"25":{"start":{"line":51,"column":20},"end":{"line":51,"column":29}},"26":{"start":{"line":55,"column":26},"end":{"line":64,"column":1}},"27":{"start":{"line":56,"column":5},"end":{"line":63,"column":6}},"28":{"start":{"line":57,"column":21},"end":{"line":57,"column":92}},"29":{"start":{"line":58,"column":28},"end":{"line":58,"column":79}},"30":{"start":{"line":59,"column":8},"end":{"line":59,"column":42}},"31":{"start":{"line":62,"column":8},"end":{"line":62,"column":48}},"32":{"start":{"line":67,"column":26},"end":{"line":90,"column":1}},"33":{"start":{"line":68,"column":18},"end":{"line":68,"column":28}},"34":{"start":{"line":70,"column":5},"end":{"line":88,"column":6}},"35":{"start":{"line":71,"column":27},"end":{"line":71,"column":63}},"36":{"start":{"line":73,"column":9},"end":{"line":83,"column":10}},"37":{"start":{"line":74,"column":13},"end":{"line":79,"column":14}},"38":{"start":{"line":75,"column":36},"end":{"line":75,"column":77}},"39":{"start":{"line":76,"column":16},"end":{"line":76,"column":89}},"40":{"start":{"line":78,"column":16},"end":{"line":78,"column":39}},"41":{"start":{"line":82,"column":12},"end":{"line":82,"column":82}},"42":{"start":{"line":87,"column":8},"end":{"line":87,"column":72}}},"fnMap":{"0":{"name":"(anonymous_0)","decl":{"start":{"line":4,"column":26},"end":{"line":4,"column":27}},"loc":{"start":{"line":4,"column":48},"end":{"line":26,"column":1}},"line":4},"1":{"name":"(anonymous_1)","decl":{"start":{"line":29,"column":26},"end":{"line":29,"column":27}},"loc":{"start":{"line":29,"column":46},"end":{"line":41,"column":1}},"line":29},"2":{"name":"(anonymous_2)","decl":{"start":{"line":32,"column":47},"end":{"line":32,"column":48}},"loc":{"start":{"line":32,"column":58},"end":{"line":36,"column":9}},"line":32},"3":{"name":"(anonymous_3)","decl":{"start":{"line":44,"column":24},"end":{"line":44,"column":25}},"loc":{"start":{"line":44,"column":44},"end":{"line":52,"column":1}},"line":44},"4":{"name":"(anonymous_4)","decl":{"start":{"line":46,"column":10},"end":{"line":46,"column":11}},"loc":{"start":{"line":46,"column":21},"end":{"line":50,"column":5}},"line":46},"5":{"name":"(anonymous_5)","decl":{"start":{"line":50,"column":7},"end":{"line":50,"column":8}},"loc":{"start":{"line":50,"column":16},"end":{"line":50,"column":25}},"line":50},"6":{"name":"(anonymous_6)","decl":{"start":{"line":51,"column":11},"end":{"line":51,"column":12}},"loc":{"start":{"line":51,"column":20},"end":{"line":51,"column":29}},"line":51},"7":{"name":"(anonymous_7)","decl":{"start":{"line":55,"column":26},"end":{"line":55,"column":27}},"loc":{"start":{"line":55,"column":52},"end":{"line":64,"column":1}},"line":55},"8":{"name":"(anonymous_8)","decl":{"start":{"line":67,"column":26},"end":{"line":67,"column":27}},"loc":{"start":{"line":67,"column":52},"end":{"line":90,"column":1}},"line":67}},"branchMap":{"0":{"loc":{"start":{"line":11,"column":8},"end":{"line":11,"column":77}},"type":"if","locations":[{"start":{"line":11,"column":8},"end":{"line":11,"column":77}},{"start":{"line":11,"column":8},"end":{"line":11,"column":77}}],"line":11},"1":{"loc":{"start":{"line":73,"column":9},"end":{"line":83,"column":10}},"type":"if","locations":[{"start":{"line":73,"column":9},"end":{"line":83,"column":10}},{"start":{"line":73,"column":9},"end":{"line":83,"column":10}}],"line":73}},"s":{"0":3,"1":1,"2":1,"3":1,"4":1,"5":1,"6":0,"7":1,"8":1,"9":1,"10":0,"11":3,"12":1,"13":1,"14":1,"15":1,"16":1,"17":1,"18":0,"19":3,"20":1,"21":1,"22":1,"23":1,"24":0,"25":0,"26":3,"27":1,"28":1,"29":1,"30":1,"31":0,"32":3,"33":1,"34":1,"35":1,"36":1,"37":1,"38":1,"39":1,"40":0,"41":0,"42":0},"f":{"0":1,"1":1,"2":1,"3":1,"4":1,"5":0,"6":0,"7":1,"8":1},"b":{"0":[0,1],"1":[1,0]},"_coverageSchema":"1a1c01bbd47fc00a2c39e90264f33305004495a9","hash":"789f5cd1713ab16aa1b776a310fe87a33ced053b"}
,"/Users/andela/Desktop/myBackend/src/controller/contactContr.js": {"path":"/Users/andela/Desktop/myBackend/src/controller/contactContr.js","statementMap":{"0":{"start":{"line":5,"column":29},"end":{"line":25,"column":1}},"1":{"start":{"line":6,"column":4},"end":{"line":24,"column":5}},"2":{"start":{"line":7,"column":40},"end":{"line":7,"column":48}},"3":{"start":{"line":9,"column":29},"end":{"line":9,"column":69}},"4":{"start":{"line":10,"column":8},"end":{"line":12,"column":9}},"5":{"start":{"line":11,"column":12},"end":{"line":11,"column":68}},"6":{"start":{"line":14,"column":28},"end":{"line":18,"column":10}},"7":{"start":{"line":19,"column":4},"end":{"line":19,"column":27}},"8":{"start":{"line":20,"column":29},"end":{"line":20,"column":52}},"9":{"start":{"line":21,"column":8},"end":{"line":21,"column":85}},"10":{"start":{"line":23,"column":8},"end":{"line":23,"column":57}},"11":{"start":{"line":27,"column":29},"end":{"line":39,"column":1}},"12":{"start":{"line":28,"column":4},"end":{"line":38,"column":5}},"13":{"start":{"line":29,"column":19},"end":{"line":29,"column":29}},"14":{"start":{"line":30,"column":8},"end":{"line":34,"column":10}},"15":{"start":{"line":31,"column":12},"end":{"line":31,"column":33}},"16":{"start":{"line":32,"column":12},"end":{"line":32,"column":62}},"17":{"start":{"line":33,"column":12},"end":{"line":33,"column":31}},"18":{"start":{"line":36,"column":8},"end":{"line":36,"column":48}},"19":{"start":{"line":42,"column":27},"end":{"line":52,"column":2}},"20":{"start":{"line":43,"column":4},"end":{"line":51,"column":6}},"21":{"start":{"line":45,"column":8},"end":{"line":45,"column":29}},"22":{"start":{"line":46,"column":8},"end":{"line":46,"column":58}},"23":{"start":{"line":47,"column":8},"end":{"line":47,"column":27}},"24":{"start":{"line":50,"column":8},"end":{"line":50,"column":33}},"25":{"start":{"line":57,"column":30},"end":{"line":80,"column":1}},"26":{"start":{"line":58,"column":17},"end":{"line":58,"column":27}},"27":{"start":{"line":60,"column":4},"end":{"line":78,"column":5}},"28":{"start":{"line":61,"column":29},"end":{"line":61,"column":68}},"29":{"start":{"line":63,"column":8},"end":{"line":73,"column":9}},"30":{"start":{"line":64,"column":12},"end":{"line":69,"column":13}},"31":{"start":{"line":65,"column":38},"end":{"line":65,"column":82}},"32":{"start":{"line":66,"column":15},"end":{"line":66,"column":97}},"33":{"start":{"line":68,"column":16},"end":{"line":68,"column":39}},"34":{"start":{"line":72,"column":11},"end":{"line":72,"column":84}},"35":{"start":{"line":76,"column":7},"end":{"line":76,"column":26}},"36":{"start":{"line":77,"column":7},"end":{"line":77,"column":74}}},"fnMap":{"0":{"name":"(anonymous_0)","decl":{"start":{"line":5,"column":29},"end":{"line":5,"column":30}},"loc":{"start":{"line":5,"column":49},"end":{"line":25,"column":1}},"line":5},"1":{"name":"(anonymous_1)","decl":{"start":{"line":27,"column":29},"end":{"line":27,"column":30}},"loc":{"start":{"line":27,"column":49},"end":{"line":39,"column":1}},"line":27},"2":{"name":"(anonymous_2)","decl":{"start":{"line":30,"column":50},"end":{"line":30,"column":51}},"loc":{"start":{"line":30,"column":64},"end":{"line":34,"column":9}},"line":30},"3":{"name":"(anonymous_3)","decl":{"start":{"line":42,"column":27},"end":{"line":42,"column":28}},"loc":{"start":{"line":42,"column":47},"end":{"line":52,"column":2}},"line":42},"4":{"name":"(anonymous_4)","decl":{"start":{"line":44,"column":10},"end":{"line":44,"column":11}},"loc":{"start":{"line":44,"column":24},"end":{"line":48,"column":5}},"line":44},"5":{"name":"(anonymous_5)","decl":{"start":{"line":49,"column":11},"end":{"line":49,"column":12}},"loc":{"start":{"line":49,"column":20},"end":{"line":51,"column":5}},"line":49},"6":{"name":"(anonymous_6)","decl":{"start":{"line":57,"column":30},"end":{"line":57,"column":31}},"loc":{"start":{"line":57,"column":56},"end":{"line":80,"column":1}},"line":57}},"branchMap":{"0":{"loc":{"start":{"line":10,"column":8},"end":{"line":12,"column":9}},"type":"if","locations":[{"start":{"line":10,"column":8},"end":{"line":12,"column":9}},{"start":{"line":10,"column":8},"end":{"line":12,"column":9}}],"line":10},"1":{"loc":{"start":{"line":63,"column":8},"end":{"line":73,"column":9}},"type":"if","locations":[{"start":{"line":63,"column":8},"end":{"line":73,"column":9}},{"start":{"line":63,"column":8},"end":{"line":73,"column":9}}],"line":63}},"s":{"0":3,"1":1,"2":1,"3":1,"4":1,"5":0,"6":1,"7":1,"8":1,"9":0,"10":1,"11":3,"12":1,"13":1,"14":1,"15":1,"16":1,"17":1,"18":0,"19":3,"20":1,"21":1,"22":1,"23":1,"24":0,"25":3,"26":1,"27":1,"28":1,"29":1,"30":1,"31":1,"32":1,"33":0,"34":0,"35":0,"36":0},"f":{"0":1,"1":1,"2":1,"3":1,"4":1,"5":0,"6":1},"b":{"0":[0,1],"1":[1,0]},"_coverageSchema":"1a1c01bbd47fc00a2c39e90264f33305004495a9","hash":"34ccdeb9aed195d4c49fa3d5c777da423dbcd388"}
,"/Users/andela/Desktop/myBackend/src/controller/userAuthForms.js": {"path":"/Users/andela/Desktop/myBackend/src/controller/userAuthForms.js","statementMap":{"0":{"start":{"line":8,"column":27},"end":{"line":27,"column":1}},"1":{"start":{"line":9,"column":4},"end":{"line":26,"column":5}},"2":{"start":{"line":10,"column":56},"end":{"line":10,"column":64}},"3":{"start":{"line":11,"column":26},"end":{"line":11,"column":53}},"4":{"start":{"line":12,"column":8},"end":{"line":14,"column":9}},"5":{"start":{"line":13,"column":12},"end":{"line":13,"column":72}},"6":{"start":{"line":15,"column":26},"end":{"line":15,"column":54}},"7":{"start":{"line":16,"column":25},"end":{"line":21,"column":10}},"8":{"start":{"line":22,"column":26},"end":{"line":22,"column":46}},"9":{"start":{"line":23,"column":8},"end":{"line":23,"column":85}},"10":{"start":{"line":25,"column":8},"end":{"line":25,"column":57}},"11":{"start":{"line":30,"column":26},"end":{"line":47,"column":1}},"12":{"start":{"line":31,"column":4},"end":{"line":46,"column":5}},"13":{"start":{"line":32,"column":35},"end":{"line":32,"column":43}},"14":{"start":{"line":33,"column":26},"end":{"line":33,"column":53}},"15":{"start":{"line":34,"column":8},"end":{"line":36,"column":9}},"16":{"start":{"line":35,"column":12},"end":{"line":35,"column":75}},"17":{"start":{"line":37,"column":30},"end":{"line":37,"column":80}},"18":{"start":{"line":38,"column":8},"end":{"line":40,"column":9}},"19":{"start":{"line":39,"column":12},"end":{"line":39,"column":69}},"20":{"start":{"line":41,"column":22},"end":{"line":41,"column":51}},"21":{"start":{"line":42,"column":8},"end":{"line":42,"column":43}},"22":{"start":{"line":43,"column":8},"end":{"line":43,"column":93}},"23":{"start":{"line":45,"column":8},"end":{"line":45,"column":57}},"24":{"start":{"line":50,"column":27},"end":{"line":59,"column":1}},"25":{"start":{"line":51,"column":4},"end":{"line":58,"column":5}},"26":{"start":{"line":52,"column":21},"end":{"line":52,"column":82}},"27":{"start":{"line":53,"column":28},"end":{"line":53,"column":69}},"28":{"start":{"line":54,"column":8},"end":{"line":54,"column":42}},"29":{"start":{"line":57,"column":8},"end":{"line":57,"column":35}},"30":{"start":{"line":62,"column":27},"end":{"line":73,"column":1}},"31":{"start":{"line":63,"column":4},"end":{"line":72,"column":5}},"32":{"start":{"line":64,"column":19},"end":{"line":64,"column":29}},"33":{"start":{"line":65,"column":8},"end":{"line":69,"column":10}},"34":{"start":{"line":66,"column":12},"end":{"line":66,"column":33}},"35":{"start":{"line":67,"column":12},"end":{"line":67,"column":62}},"36":{"start":{"line":68,"column":12},"end":{"line":68,"column":28}},"37":{"start":{"line":71,"column":8},"end":{"line":71,"column":31}},"38":{"start":{"line":76,"column":25},"end":{"line":84,"column":2}},"39":{"start":{"line":77,"column":4},"end":{"line":83,"column":31}},"40":{"start":{"line":79,"column":8},"end":{"line":79,"column":29}},"41":{"start":{"line":80,"column":8},"end":{"line":80,"column":58}},"42":{"start":{"line":81,"column":8},"end":{"line":81,"column":24}},"43":{"start":{"line":82,"column":16},"end":{"line":82,"column":25}},"44":{"start":{"line":83,"column":20},"end":{"line":83,"column":29}},"45":{"start":{"line":87,"column":27},"end":{"line":110,"column":1}},"46":{"start":{"line":88,"column":17},"end":{"line":88,"column":27}},"47":{"start":{"line":90,"column":4},"end":{"line":108,"column":5}},"48":{"start":{"line":91,"column":26},"end":{"line":91,"column":52}},"49":{"start":{"line":93,"column":8},"end":{"line":103,"column":9}},"50":{"start":{"line":94,"column":12},"end":{"line":99,"column":13}},"51":{"start":{"line":95,"column":34},"end":{"line":95,"column":65}},"52":{"start":{"line":96,"column":15},"end":{"line":96,"column":87}},"53":{"start":{"line":98,"column":16},"end":{"line":98,"column":39}},"54":{"start":{"line":102,"column":11},"end":{"line":102,"column":81}},"55":{"start":{"line":106,"column":7},"end":{"line":106,"column":26}},"56":{"start":{"line":107,"column":7},"end":{"line":107,"column":71}}},"fnMap":{"0":{"name":"(anonymous_0)","decl":{"start":{"line":8,"column":27},"end":{"line":8,"column":28}},"loc":{"start":{"line":8,"column":47},"end":{"line":27,"column":1}},"line":8},"1":{"name":"(anonymous_1)","decl":{"start":{"line":30,"column":26},"end":{"line":30,"column":27}},"loc":{"start":{"line":30,"column":46},"end":{"line":47,"column":1}},"line":30},"2":{"name":"(anonymous_2)","decl":{"start":{"line":50,"column":27},"end":{"line":50,"column":28}},"loc":{"start":{"line":50,"column":53},"end":{"line":59,"column":1}},"line":50},"3":{"name":"(anonymous_3)","decl":{"start":{"line":62,"column":27},"end":{"line":62,"column":28}},"loc":{"start":{"line":62,"column":47},"end":{"line":73,"column":1}},"line":62},"4":{"name":"(anonymous_4)","decl":{"start":{"line":65,"column":37},"end":{"line":65,"column":38}},"loc":{"start":{"line":65,"column":48},"end":{"line":69,"column":9}},"line":65},"5":{"name":"(anonymous_5)","decl":{"start":{"line":76,"column":25},"end":{"line":76,"column":26}},"loc":{"start":{"line":76,"column":45},"end":{"line":84,"column":2}},"line":76},"6":{"name":"(anonymous_6)","decl":{"start":{"line":78,"column":10},"end":{"line":78,"column":11}},"loc":{"start":{"line":78,"column":21},"end":{"line":82,"column":5}},"line":78},"7":{"name":"(anonymous_7)","decl":{"start":{"line":82,"column":7},"end":{"line":82,"column":8}},"loc":{"start":{"line":82,"column":16},"end":{"line":82,"column":25}},"line":82},"8":{"name":"(anonymous_8)","decl":{"start":{"line":83,"column":11},"end":{"line":83,"column":12}},"loc":{"start":{"line":83,"column":20},"end":{"line":83,"column":29}},"line":83},"9":{"name":"(anonymous_9)","decl":{"start":{"line":87,"column":27},"end":{"line":87,"column":28}},"loc":{"start":{"line":87,"column":53},"end":{"line":110,"column":1}},"line":87}},"branchMap":{"0":{"loc":{"start":{"line":12,"column":8},"end":{"line":14,"column":9}},"type":"if","locations":[{"start":{"line":12,"column":8},"end":{"line":14,"column":9}},{"start":{"line":12,"column":8},"end":{"line":14,"column":9}}],"line":12},"1":{"loc":{"start":{"line":34,"column":8},"end":{"line":36,"column":9}},"type":"if","locations":[{"start":{"line":34,"column":8},"end":{"line":36,"column":9}},{"start":{"line":34,"column":8},"end":{"line":36,"column":9}}],"line":34},"2":{"loc":{"start":{"line":38,"column":8},"end":{"line":40,"column":9}},"type":"if","locations":[{"start":{"line":38,"column":8},"end":{"line":40,"column":9}},{"start":{"line":38,"column":8},"end":{"line":40,"column":9}}],"line":38},"3":{"loc":{"start":{"line":93,"column":8},"end":{"line":103,"column":9}},"type":"if","locations":[{"start":{"line":93,"column":8},"end":{"line":103,"column":9}},{"start":{"line":93,"column":8},"end":{"line":103,"column":9}}],"line":93}},"s":{"0":3,"1":4,"2":4,"3":4,"4":4,"5":0,"6":4,"7":4,"8":4,"9":4,"10":0,"11":3,"12":1,"13":1,"14":1,"15":1,"16":0,"17":1,"18":1,"19":0,"20":1,"21":1,"22":1,"23":0,"24":3,"25":0,"26":0,"27":0,"28":0,"29":0,"30":3,"31":1,"32":1,"33":1,"34":1,"35":1,"36":1,"37":0,"38":3,"39":1,"40":1,"41":1,"42":1,"43":0,"44":0,"45":3,"46":1,"47":1,"48":1,"49":1,"50":1,"51":1,"52":1,"53":0,"54":0,"55":0,"56":0},"f":{"0":4,"1":1,"2":0,"3":1,"4":1,"5":1,"6":1,"7":0,"8":0,"9":1},"b":{"0":[0,4],"1":[0,1],"2":[0,1],"3":[1,0]},"_coverageSchema":"1a1c01bbd47fc00a2c39e90264f33305004495a9","hash":"dd6416658bf27ec1b733ad080ff2e69f5b4cf11a"}
,"/Users/andela/Desktop/myBackend/src/helper/token.js": {"path":"/Users/andela/Desktop/myBackend/src/helper/token.js","statementMap":{"0":{"start":{"line":5,"column":0},"end":{"line":5,"column":16}},"1":{"start":{"line":6,"column":15},"end":{"line":6,"column":37}},"2":{"start":{"line":9,"column":28},"end":{"line":17,"column":1}},"3":{"start":{"line":10,"column":53},"end":{"line":10,"column":57}},"4":{"start":{"line":11,"column":4},"end":{"line":16,"column":5}},"5":{"start":{"line":12,"column":8},"end":{"line":12,"column":98}},"6":{"start":{"line":15,"column":8},"end":{"line":15,"column":51}}},"fnMap":{"0":{"name":"(anonymous_0)","decl":{"start":{"line":9,"column":28},"end":{"line":9,"column":29}},"loc":{"start":{"line":9,"column":38},"end":{"line":17,"column":1}},"line":9}},"branchMap":{},"s":{"0":3,"1":3,"2":3,"3":13,"4":13,"5":13,"6":0},"f":{"0":13},"b":{},"_coverageSchema":"1a1c01bbd47fc00a2c39e90264f33305004495a9","hash":"3eff28f4400447981eb19c9400e3119d94fd7e4b"}
,"/Users/andela/Desktop/myBackend/src/midleware/auth.js": {"path":"/Users/andela/Desktop/myBackend/src/midleware/auth.js","statementMap":{"0":{"start":{"line":5,"column":0},"end":{"line":5,"column":16}},"1":{"start":{"line":6,"column":15},"end":{"line":6,"column":37}},"2":{"start":{"line":8,"column":20},"end":{"line":20,"column":1}},"3":{"start":{"line":9,"column":18},"end":{"line":9,"column":45}},"4":{"start":{"line":10,"column":4},"end":{"line":12,"column":5}},"5":{"start":{"line":11,"column":8},"end":{"line":11,"column":55}},"6":{"start":{"line":13,"column":4},"end":{"line":19,"column":5}},"7":{"start":{"line":14,"column":30},"end":{"line":14,"column":55}},"8":{"start":{"line":15,"column":8},"end":{"line":15,"column":32}},"9":{"start":{"line":16,"column":8},"end":{"line":16,"column":15}},"10":{"start":{"line":18,"column":8},"end":{"line":18,"column":63}},"11":{"start":{"line":22,"column":25},"end":{"line":28,"column":1}},"12":{"start":{"line":23,"column":22},"end":{"line":23,"column":30}},"13":{"start":{"line":25,"column":4},"end":{"line":25,"column":68}},"14":{"start":{"line":25,"column":16},"end":{"line":25,"column":68}},"15":{"start":{"line":27,"column":4},"end":{"line":27,"column":18}}},"fnMap":{"0":{"name":"(anonymous_0)","decl":{"start":{"line":8,"column":20},"end":{"line":8,"column":21}},"loc":{"start":{"line":8,"column":40},"end":{"line":20,"column":1}},"line":8},"1":{"name":"(anonymous_1)","decl":{"start":{"line":22,"column":25},"end":{"line":22,"column":26}},"loc":{"start":{"line":22,"column":45},"end":{"line":28,"column":1}},"line":22}},"branchMap":{"0":{"loc":{"start":{"line":10,"column":4},"end":{"line":12,"column":5}},"type":"if","locations":[{"start":{"line":10,"column":4},"end":{"line":12,"column":5}},{"start":{"line":10,"column":4},"end":{"line":12,"column":5}}],"line":10},"1":{"loc":{"start":{"line":25,"column":4},"end":{"line":25,"column":68}},"type":"if","locations":[{"start":{"line":25,"column":4},"end":{"line":25,"column":68}},{"start":{"line":25,"column":4},"end":{"line":25,"column":68}}],"line":25}},"s":{"0":3,"1":3,"2":3,"3":9,"4":9,"5":0,"6":9,"7":9,"8":9,"9":9,"10":0,"11":3,"12":7,"13":7,"14":0,"15":7},"f":{"0":9,"1":7},"b":{"0":[0,9],"1":[0,7]},"_coverageSchema":"1a1c01bbd47fc00a2c39e90264f33305004495a9","hash":"479b75a1c2c1804dd8cc2a825ab122b83fe33a90"}
,"/Users/andela/Desktop/myBackend/src/midleware/validation.js": {"path":"/Users/andela/Desktop/myBackend/src/midleware/validation.js","statementMap":{"0":{"start":{"line":2,"column":28},"end":{"line":9,"column":1}},"1":{"start":{"line":3,"column":17},"end":{"line":3,"column":25}},"2":{"start":{"line":5,"column":4},"end":{"line":8,"column":16}},"3":{"start":{"line":5,"column":22},"end":{"line":5,"column":88}},"4":{"start":{"line":6,"column":9},"end":{"line":8,"column":16}},"5":{"start":{"line":6,"column":29},"end":{"line":6,"column":96}},"6":{"start":{"line":8,"column":9},"end":{"line":8,"column":16}}},"fnMap":{"0":{"name":"(anonymous_0)","decl":{"start":{"line":2,"column":28},"end":{"line":2,"column":29}},"loc":{"start":{"line":2,"column":48},"end":{"line":9,"column":1}},"line":2}},"branchMap":{"0":{"loc":{"start":{"line":5,"column":4},"end":{"line":8,"column":16}},"type":"if","locations":[{"start":{"line":5,"column":4},"end":{"line":8,"column":16}},{"start":{"line":5,"column":4},"end":{"line":8,"column":16}}],"line":5},"1":{"loc":{"start":{"line":6,"column":9},"end":{"line":8,"column":16}},"type":"if","locations":[{"start":{"line":6,"column":9},"end":{"line":8,"column":16}},{"start":{"line":6,"column":9},"end":{"line":8,"column":16}}],"line":6}},"s":{"0":3,"1":1,"2":1,"3":0,"4":1,"5":0,"6":1},"f":{"0":1},"b":{"0":[0,1],"1":[0,1]},"_coverageSchema":"1a1c01bbd47fc00a2c39e90264f33305004495a9","hash":"73860bd7ff459a4bf0dc4cc7f2f67fefb787f3eb"}
,"/Users/andela/Desktop/myBackend/src/models/blogCommentMod.js": {"path":"/Users/andela/Desktop/myBackend/src/models/blogCommentMod.js","statementMap":{"0":{"start":{"line":4,"column":20},"end":{"line":15,"column":3}}},"fnMap":{},"branchMap":{},"s":{"0":3},"f":{},"b":{},"_coverageSchema":"1a1c01bbd47fc00a2c39e90264f33305004495a9","hash":"848d25a6d73454f6d586a24a28708f13f5098ffb"}
,"/Users/andela/Desktop/myBackend/src/models/blogMod.js": {"path":"/Users/andela/Desktop/myBackend/src/models/blogMod.js","statementMap":{"0":{"start":{"line":4,"column":23},"end":{"line":21,"column":3}}},"fnMap":{},"branchMap":{},"s":{"0":3},"f":{},"b":{},"_coverageSchema":"1a1c01bbd47fc00a2c39e90264f33305004495a9","hash":"92b32ef290378f7885e4155bdbaba553fae5a8a0"}
,"/Users/andela/Desktop/myBackend/src/models/contactMod.js": {"path":"/Users/andela/Desktop/myBackend/src/models/contactMod.js","statementMap":{"0":{"start":{"line":3,"column":26},"end":{"line":26,"column":3}}},"fnMap":{},"branchMap":{},"s":{"0":3},"f":{},"b":{},"_coverageSchema":"1a1c01bbd47fc00a2c39e90264f33305004495a9","hash":"78284efb369b9d5a539064ae90893cc0e95cb336"}
,"/Users/andela/Desktop/myBackend/src/models/userAuthMod.js": {"path":"/Users/andela/Desktop/myBackend/src/models/userAuthMod.js","statementMap":{"0":{"start":{"line":3,"column":13},"end":{"line":38,"column":1}}},"fnMap":{},"branchMap":{},"s":{"0":3},"f":{},"b":{},"_coverageSchema":"1a1c01bbd47fc00a2c39e90264f33305004495a9","hash":"0a5ecea4e29ac03b7dfe822a9fe7c2021c6f50c0"}
,"/Users/andela/Desktop/myBackend/src/routes/blogPath.js": {"path":"/Users/andela/Desktop/myBackend/src/routes/blogPath.js","statementMap":{"0":{"start":{"line":7,"column":19},"end":{"line":7,"column":35}},"1":{"start":{"line":10,"column":0},"end":{"line":10,"column":53}},"2":{"start":{"line":12,"column":0},"end":{"line":12,"column":30}},"3":{"start":{"line":14,"column":0},"end":{"line":14,"column":35}},"4":{"start":{"line":16,"column":0},"end":{"line":16,"column":41}},"5":{"start":{"line":18,"column":0},"end":{"line":18,"column":57}},"6":{"start":{"line":21,"column":0},"end":{"line":21,"column":52}},"7":{"start":{"line":22,"column":0},"end":{"line":22,"column":46}}},"fnMap":{},"branchMap":{},"s":{"0":3,"1":3,"2":3,"3":3,"4":3,"5":3,"6":3,"7":3},"f":{},"b":{},"_coverageSchema":"1a1c01bbd47fc00a2c39e90264f33305004495a9","hash":"b452eafb39e82f4db2584dbe92ea2635b4a41944"}
,"/Users/andela/Desktop/myBackend/src/routes/contactPath.js": {"path":"/Users/andela/Desktop/myBackend/src/routes/contactPath.js","statementMap":{"0":{"start":{"line":6,"column":21},"end":{"line":6,"column":37}},"1":{"start":{"line":10,"column":0},"end":{"line":10,"column":38}},"2":{"start":{"line":12,"column":0},"end":{"line":12,"column":54}},"3":{"start":{"line":14,"column":0},"end":{"line":14,"column":59}},"4":{"start":{"line":16,"column":0},"end":{"line":16,"column":62}}},"fnMap":{},"branchMap":{},"s":{"0":3,"1":3,"2":3,"3":3,"4":3},"f":{},"b":{},"_coverageSchema":"1a1c01bbd47fc00a2c39e90264f33305004495a9","hash":"c138e187aa24461cadfe0156508703613a65a32f"}
,"/Users/andela/Desktop/myBackend/src/routes/userPath.js": {"path":"/Users/andela/Desktop/myBackend/src/routes/userPath.js","statementMap":{"0":{"start":{"line":7,"column":19},"end":{"line":7,"column":35}},"1":{"start":{"line":10,"column":0},"end":{"line":10,"column":40}},"2":{"start":{"line":12,"column":0},"end":{"line":12,"column":38}},"3":{"start":{"line":14,"column":0},"end":{"line":14,"column":50}},"4":{"start":{"line":16,"column":0},"end":{"line":16,"column":55}},"5":{"start":{"line":18,"column":0},"end":{"line":18,"column":42}},"6":{"start":{"line":20,"column":0},"end":{"line":20,"column":58}}},"fnMap":{},"branchMap":{},"s":{"0":3,"1":3,"2":3,"3":3,"4":3,"5":3,"6":3},"f":{},"b":{},"_coverageSchema":"1a1c01bbd47fc00a2c39e90264f33305004495a9","hash":"92727e25d96447f56ae6884d7966f949d2727c4d"}
}
