TN:
SF:app.js
FN:20,(anonymous_0)
FNF:1
FNH:0
FNDA:0,(anonymous_0)
DA:9,3
DA:11,3
DA:13,3
DA:14,3
DA:15,3
DA:16,3
DA:20,3
DA:21,0
LF:8
LH:7
BRF:0
BRH:0
end_of_record
TN:
SF:src/configuration/config.js
FNF:0
FNH:0
DA:3,3
LF:1
LH:1
BRF:0
BRH:0
end_of_record
TN:
SF:src/configuration/hashpassword.js
FN:4,(anonymous_0)
FNF:1
FNH:1
FNDA:4,(anonymous_0)
DA:4,3
DA:5,4
DA:6,4
DA:7,4
LF:4
LH:4
BRF:0
BRH:0
end_of_record
TN:
SF:src/controller/blogCommentContr.js
FN:6,(anonymous_0)
FN:25,(anonymous_1)
FNF:2
FNH:0
FNDA:0,(anonymous_0)
FNDA:0,(anonymous_1)
DA:6,3
DA:7,0
DA:8,0
DA:9,0
DA:10,0
DA:11,0
DA:12,0
DA:13,0
DA:14,0
DA:19,0
DA:20,0
DA:22,0
DA:25,3
DA:26,0
DA:27,0
DA:28,0
DA:29,0
DA:30,0
DA:31,0
DA:33,0
LF:20
LH:2
BRDA:11,0,0,0
BRDA:11,0,1,0
BRDA:13,1,0,0
BRDA:13,1,1,0
BRDA:28,2,0,0
BRDA:28,2,1,0
BRDA:30,3,0,0
BRDA:30,3,1,0
BRF:8
BRH:0
end_of_record
TN:
SF:src/controller/blogContr.js
FN:4,(anonymous_0)
FN:29,(anonymous_1)
FN:32,(anonymous_2)
FN:44,(anonymous_3)
FN:46,(anonymous_4)
FN:50,(anonymous_5)
FN:51,(anonymous_6)
FN:55,(anonymous_7)
FN:67,(anonymous_8)
FNF:9
FNH:7
FNDA:1,(anonymous_0)
FNDA:1,(anonymous_1)
FNDA:1,(anonymous_2)
FNDA:1,(anonymous_3)
FNDA:1,(anonymous_4)
FNDA:0,(anonymous_5)
FNDA:0,(anonymous_6)
FNDA:1,(anonymous_7)
FNDA:1,(anonymous_8)
DA:4,3
DA:5,1
DA:6,1
DA:7,1
DA:9,1
DA:11,1
DA:13,1
DA:19,1
DA:21,1
DA:23,0
DA:29,3
DA:30,1
DA:31,1
DA:32,1
DA:33,1
DA:34,1
DA:35,1
DA:39,0
DA:44,3
DA:45,1
DA:47,1
DA:48,1
DA:49,1
DA:50,0
DA:51,0
DA:55,3
DA:56,1
DA:57,1
DA:58,1
DA:59,1
DA:62,0
DA:67,3
DA:68,1
DA:70,1
DA:71,1
DA:73,1
DA:74,1
DA:75,1
DA:76,1
DA:78,0
DA:82,0
DA:87,0
LF:42
LH:34
BRDA:11,0,0,0
BRDA:11,0,1,1
BRDA:73,1,0,1
BRDA:73,1,1,0
BRF:4
BRH:2
end_of_record
TN:
SF:src/controller/contactContr.js
FN:5,(anonymous_0)
FN:27,(anonymous_1)
FN:30,(anonymous_2)
FN:42,(anonymous_3)
FN:44,(anonymous_4)
FN:49,(anonymous_5)
FN:57,(anonymous_6)
FNF:7
FNH:6
FNDA:1,(anonymous_0)
FNDA:1,(anonymous_1)
FNDA:1,(anonymous_2)
FNDA:1,(anonymous_3)
FNDA:1,(anonymous_4)
FNDA:0,(anonymous_5)
FNDA:1,(anonymous_6)
DA:5,3
DA:6,1
DA:7,1
DA:9,1
DA:10,1
DA:11,0
DA:14,1
DA:19,1
DA:20,1
DA:21,0
DA:23,1
DA:27,3
DA:28,1
DA:29,1
DA:30,1
DA:31,1
DA:32,1
DA:33,1
DA:36,0
DA:42,3
DA:43,1
DA:45,1
DA:46,1
DA:47,1
DA:50,0
DA:57,3
DA:58,1
DA:60,1
DA:61,1
DA:63,1
DA:64,1
DA:65,1
DA:66,1
DA:68,0
DA:72,0
DA:76,0
DA:77,0
LF:37
LH:29
BRDA:10,0,0,0
BRDA:10,0,1,1
BRDA:63,1,0,1
BRDA:63,1,1,0
BRF:4
BRH:2
end_of_record
TN:
SF:src/controller/userAuthForms.js
FN:8,(anonymous_0)
FN:30,(anonymous_1)
FN:50,(anonymous_2)
FN:62,(anonymous_3)
FN:65,(anonymous_4)
FN:76,(anonymous_5)
FN:78,(anonymous_6)
FN:82,(anonymous_7)
FN:83,(anonymous_8)
FN:87,(anonymous_9)
FNF:10
FNH:7
FNDA:4,(anonymous_0)
FNDA:1,(anonymous_1)
FNDA:0,(anonymous_2)
FNDA:1,(anonymous_3)
FNDA:1,(anonymous_4)
FNDA:1,(anonymous_5)
FNDA:1,(anonymous_6)
FNDA:0,(anonymous_7)
FNDA:0,(anonymous_8)
FNDA:1,(anonymous_9)
DA:8,3
DA:9,4
DA:10,4
DA:11,4
DA:12,4
DA:13,0
DA:15,4
DA:16,4
DA:22,4
DA:23,4
DA:25,0
DA:30,3
DA:31,1
DA:32,1
DA:33,1
DA:34,1
DA:35,0
DA:37,1
DA:38,1
DA:39,0
DA:41,1
DA:42,1
DA:43,1
DA:45,0
DA:50,3
DA:51,0
DA:52,0
DA:53,0
DA:54,0
DA:57,0
DA:62,3
DA:63,1
DA:64,1
DA:65,1
DA:66,1
DA:67,1
DA:68,1
DA:71,0
DA:76,3
DA:77,1
DA:79,1
DA:80,1
DA:81,1
DA:82,0
DA:83,0
DA:87,3
DA:88,1
DA:90,1
DA:91,1
DA:93,1
DA:94,1
DA:95,1
DA:96,1
DA:98,0
DA:102,0
DA:106,0
DA:107,0
LF:57
LH:40
BRDA:12,0,0,0
BRDA:12,0,1,4
BRDA:34,1,0,0
BRDA:34,1,1,1
BRDA:38,2,0,0
BRDA:38,2,1,1
BRDA:93,3,0,1
BRDA:93,3,1,0
BRF:8
BRH:4
end_of_record
TN:
SF:src/helper/token.js
FN:9,(anonymous_0)
FNF:1
FNH:1
FNDA:13,(anonymous_0)
DA:5,3
DA:6,3
DA:9,3
DA:10,13
DA:11,13
DA:12,13
DA:15,0
LF:7
LH:6
BRF:0
BRH:0
end_of_record
TN:
SF:src/midleware/auth.js
FN:8,(anonymous_0)
FN:22,(anonymous_1)
FNF:2
FNH:2
FNDA:9,(anonymous_0)
FNDA:7,(anonymous_1)
DA:5,3
DA:6,3
DA:8,3
DA:9,9
DA:10,9
DA:11,0
DA:13,9
DA:14,9
DA:15,9
DA:16,9
DA:18,0
DA:22,3
DA:23,7
DA:25,7
DA:27,7
LF:15
LH:13
BRDA:10,0,0,0
BRDA:10,0,1,9
BRDA:25,1,0,0
BRDA:25,1,1,7
BRF:4
BRH:2
end_of_record
TN:
SF:src/midleware/validation.js
FN:2,(anonymous_0)
FNF:1
FNH:1
FNDA:1,(anonymous_0)
DA:2,3
DA:3,1
DA:5,1
DA:6,1
DA:8,1
LF:5
LH:5
BRDA:5,0,0,0
BRDA:5,0,1,1
BRDA:6,1,0,0
BRDA:6,1,1,1
BRF:4
BRH:2
end_of_record
TN:
SF:src/models/blogCommentMod.js
FNF:0
FNH:0
DA:4,3
LF:1
LH:1
BRF:0
BRH:0
end_of_record
TN:
SF:src/models/blogMod.js
FNF:0
FNH:0
DA:4,3
LF:1
LH:1
BRF:0
BRH:0
end_of_record
TN:
SF:src/models/contactMod.js
FNF:0
FNH:0
DA:3,3
LF:1
LH:1
BRF:0
BRH:0
end_of_record
TN:
SF:src/models/userAuthMod.js
FNF:0
FNH:0
DA:3,3
LF:1
LH:1
BRF:0
BRH:0
end_of_record
TN:
SF:src/routes/blogPath.js
FNF:0
FNH:0
DA:7,3
DA:10,3
DA:12,3
DA:14,3
DA:16,3
DA:18,3
DA:21,3
DA:22,3
LF:8
LH:8
BRF:0
BRH:0
end_of_record
TN:
SF:src/routes/contactPath.js
FNF:0
FNH:0
DA:6,3
DA:10,3
DA:12,3
DA:14,3
DA:16,3
LF:5
LH:5
BRF:0
BRH:0
end_of_record
TN:
SF:src/routes/userPath.js
FNF:0
FNH:0
DA:7,3
DA:10,3
DA:12,3
DA:14,3
DA:16,3
DA:18,3
DA:20,3
LF:7
LH:7
BRF:0
BRH:0
end_of_record
